<?xml version="1.0" encoding="UTF-8"?>
<!-- Generated by org.testng.reporters.JUnitReportReporter -->
<testsuite hostname="ESTPCSW172" name="sankar_frame2.testCases.Framework_002" tests="1" failures="0" timestamp="30 Jan 2017 05:31:35 GMT" time="35.233" errors="0">
  <testcase name="f" time="35.233" classname="sankar_frame2.testCases.Framework_002"/>
</testsuite> <!-- sankar_frame2.testCases.Framework_002 -->
