<?xml version="1.0" encoding="UTF-8"?>
<!-- Generated by org.testng.reporters.JUnitReportReporter -->
<testsuite hostname="ESTPCSW172" name="sankar_frame.executetestcasesfromexcelhybrid" tests="10" failures="0" timestamp="1 Feb 2017 06:22:16 GMT" time="7.455" errors="0">
  <testcase name="testLogin" time="1.020" classname="sankar_frame.executetestcasesfromexcelhybrid"/>
  <testcase name="testLogin" time="0.049" classname="sankar_frame.executetestcasesfromexcelhybrid"/>
  <testcase name="testLogin" time="0.095" classname="sankar_frame.executetestcasesfromexcelhybrid"/>
  <testcase name="testLogin" time="0.099" classname="sankar_frame.executetestcasesfromexcelhybrid"/>
  <testcase name="testLogin" time="2.671" classname="sankar_frame.executetestcasesfromexcelhybrid"/>
  <testcase name="testLogin" time="0.955" classname="sankar_frame.executetestcasesfromexcelhybrid"/>
  <testcase name="testLogin" time="0.232" classname="sankar_frame.executetestcasesfromexcelhybrid"/>
  <testcase name="testLogin" time="0.049" classname="sankar_frame.executetestcasesfromexcelhybrid"/>
  <testcase name="testLogin" time="0.044" classname="sankar_frame.executetestcasesfromexcelhybrid"/>
  <testcase name="testLogin" time="2.241" classname="sankar_frame.executetestcasesfromexcelhybrid"/>
</testsuite> <!-- sankar_frame.executetestcasesfromexcelhybrid -->
