<?xml version="1.0" encoding="UTF-8"?>
<!-- Generated by org.testng.reporters.JUnitReportReporter -->
<testsuite hostname="ESTPCSW172" name="sankar_frame2.testCases.Framework_001" tests="1" failures="0" timestamp="30 Jan 2017 05:55:38 GMT" time="29.837" errors="0">
  <testcase name="main" time="29.837" classname="sankar_frame2.testCases.Framework_001"/>
</testsuite> <!-- sankar_frame2.testCases.Framework_001 -->
