<?xml version="1.0" encoding="UTF-8"?>
<!-- Generated by org.testng.reporters.JUnitReportReporter -->
<testsuite hostname="ESTPCSW172" name="sankar_frame.sankartestcases" tests="10" failures="0" timestamp="6 Jan 2017 00:38:33 GMT" time="9.264" errors="0">
  <testcase name="testLogin" time="0.062" classname="sankar_frame.sankartestcases"/>
  <testcase name="testLogin" time="0.107" classname="sankar_frame.sankartestcases"/>
  <testcase name="testLogin" time="1.042" classname="sankar_frame.sankartestcases"/>
  <testcase name="testLogin" time="3.816" classname="sankar_frame.sankartestcases"/>
  <testcase name="testLogin" time="0.069" classname="sankar_frame.sankartestcases"/>
  <testcase name="testLogin" time="0.129" classname="sankar_frame.sankartestcases"/>
  <testcase name="testLogin" time="0.035" classname="sankar_frame.sankartestcases"/>
  <testcase name="testLogin" time="2.926" classname="sankar_frame.sankartestcases"/>
  <testcase name="testLogin" time="0.895" classname="sankar_frame.sankartestcases"/>
  <testcase name="testLogin" time="0.183" classname="sankar_frame.sankartestcases"/>
</testsuite> <!-- sankar_frame.sankartestcases -->
